<?xml version="1.0" encoding="UTF-8"?>
<!-- Generated by org.testng.reporters.JUnitXMLReporter -->
<testsuite ignored="0" hostname="LAPTOP-07AOPQM7" failures="1" tests="2" name="GroupTest(failed)" time="71.041" errors="0" timestamp="2025-01-10T00:56:17 PST">
  <testcase classname="testCases.TC002_LoginTest" name="verifyLogin" time="24.263">
    <failure type="java.lang.AssertionError" message="null">
      <![CDATA[java.lang.AssertionError: null
at testCases.TC002_LoginTest.verifyLogin(TC002_LoginTest.java:63)
at java.base/java.util.ArrayList.forEach(ArrayList.java:1511)
... Removed 29 stack frames]]>
    </failure>
  </testcase> <!-- verifyLogin -->
  <testcase classname="testCases.TC001_AccountRegistrationTest" name="registrationTest" time="8.487"/>
</testsuite> <!-- GroupTest(failed) -->
